#
# There is insufficient memory for the Java Runtime Environment to continue.
# Native memory allocation (malloc) failed to allocate 744496 bytes for Chunk::new
# Possible reasons:
#   The system is out of physical RAM or swap space
#   The process is running with CompressedOops enabled, and the Java Heap may be blocking the growth of the native heap
# Possible solutions:
#   Reduce memory load on the system
#   Increase physical memory or swap space
#   Check if swap backing store is full
#   Decrease Java heap size (-Xmx/-Xms)
#   Decrease number of Java threads
#   Decrease Java thread stack sizes (-Xss)
#   Set larger code cache with -XX:ReservedCodeCacheSize=
#   JVM is running with Unscaled Compressed Oops mode in which the Java heap is
#     placed in the first 4GB address space. The Java Heap base address is the
#     maximum limit for the native heap growth. Please use -XX:HeapBaseMinAddress
#     to set the Java Heap base and to place the Java Heap above 4GB virtual address.
# This output file may be truncated or incomplete.
#
#  Out of Memory Error (allocation.cpp:389), pid=16288, tid=0x000000000000430c
#
# JRE version: Java(TM) SE Runtime Environment (8.0_311-b11) (build 1.8.0_311-b11)
# Java VM: Java HotSpot(TM) 64-Bit Server VM (25.311-b11 mixed mode windows-amd64 compressed oops)
# Failed to write core dump. Minidumps are not enabled by default on client versions of Windows
#

---------------  T H R E A D  ---------------

Current thread (0x000001a59646c800):  JavaThread "C2 CompilerThread0" daemon [_thread_in_native, id=17164, stack(0x000000285f400000,0x000000285f500000)]

Stack: [0x000000285f400000,0x000000285f500000]
Native frames: (J=compiled Java code, j=interpreted, Vv=VM code, C=native code)
V  [jvm.dll+0x32f239]
V  [jvm.dll+0x275882]
V  [jvm.dll+0x27652d]
V  [jvm.dll+0x26cf65]
V  [jvm.dll+0xd558c]
V  [jvm.dll+0xd5d8c]
V  [jvm.dll+0x453642]
V  [jvm.dll+0x48e6bd]
V  [jvm.dll+0x442860]
V  [jvm.dll+0x4404ab]
V  [jvm.dll+0x42b38b]
V  [jvm.dll+0xac22b]
V  [jvm.dll+0xaa88b]
V  [jvm.dll+0x23df22]
V  [jvm.dll+0x29253c]
C  [ucrtbase.dll+0x26c0c]
C  [KERNEL32.DLL+0x154e0]
C  [ntdll.dll+0x485b]


Current CompileTask:
C2:  26487 3269   !   4       com.google.common.reflect.TypeVisitor::visit (244 bytes)


---------------  P R O C E S S  ---------------

Java Threads: ( => current thread )
  0x000001a59b534000 JavaThread "Memory manager" [_thread_blocked, id=12388, stack(0x0000002861600000,0x0000002861700000)]
  0x000001a59b538000 JavaThread "jar transforms Thread 4" [_thread_blocked, id=14644, stack(0x0000002861500000,0x0000002861600000)]
  0x000001a59b536800 JavaThread "Unconstrained build operations Thread 2" [_thread_blocked, id=9504, stack(0x0000002861400000,0x0000002861500000)]
  0x000001a59b52c800 JavaThread "Unconstrained build operations" [_thread_blocked, id=5992, stack(0x0000002861300000,0x0000002861400000)]
  0x000001a59b533800 JavaThread "Cache worker for Build Output Cleanup Cache (C:\Users\germy\Documents\Revature\Project1_New\ProjectP1\.gradle\buildOutputCleanup)" [_thread_blocked, id=9136, stack(0x0000002861200000,0x0000002861300000)]
  0x000001a59b532800 JavaThread "jar transforms Thread 3" [_thread_blocked, id=10852, stack(0x0000002861100000,0x0000002861200000)]
  0x000001a59b52b000 JavaThread "Cache worker for dependencies-accessors (C:\Users\germy\Documents\Revature\Project1_New\ProjectP1\.gradle\7.3.3\dependencies-accessors)" [_thread_blocked, id=15632, stack(0x0000002861000000,0x0000002861100000)]
  0x000001a59b531000 JavaThread "Cache worker for file content cache (C:\Users\germy\.gradle\caches\7.3.3\fileContent)" [_thread_blocked, id=14700, stack(0x0000002860f00000,0x0000002861000000)]
  0x000001a59b529800 JavaThread "jar transforms Thread 2" [_thread_blocked, id=3192, stack(0x0000002860e00000,0x0000002860f00000)]
  0x000001a59b52d800 JavaThread "jar transforms" [_thread_blocked, id=16388, stack(0x0000002860d00000,0x0000002860e00000)]
  0x000001a59b52f800 JavaThread "Cache worker for execution history cache (C:\Users\germy\.gradle\caches\7.3.3\executionHistory)" [_thread_blocked, id=4548, stack(0x0000002860c00000,0x0000002860d00000)]
  0x000001a59b52c000 JavaThread "Cache worker for cache directory md-rule (C:\Users\germy\.gradle\caches\7.3.3\md-rule)" [_thread_blocked, id=17344, stack(0x0000002860b00000,0x0000002860c00000)]
  0x000001a59b52e000 JavaThread "Cache worker for cache directory md-supplier (C:\Users\germy\.gradle\caches\7.3.3\md-supplier)" [_thread_blocked, id=12896, stack(0x0000002860a00000,0x0000002860b00000)]
  0x000001a59b530800 JavaThread "Cache worker for checksums cache (C:\Users\germy\Documents\Revature\Project1_New\ProjectP1\.gradle\7.3.3\checksums)" [_thread_blocked, id=1764, stack(0x0000002860900000,0x0000002860a00000)]
  0x000001a59b52a800 JavaThread "File watcher consumer" daemon [_thread_blocked, id=15860, stack(0x0000002860800000,0x0000002860900000)]
  0x000001a59b52f000 JavaThread "File watcher server" daemon [_thread_in_native, id=12296, stack(0x0000002860700000,0x0000002860800000)]
  0x000001a59b529000 JavaThread "Cache worker for file hash cache (C:\Users\germy\Documents\Revature\Project1_New\ProjectP1\.gradle\7.3.3\fileHashes)" [_thread_blocked, id=11408, stack(0x0000002860600000,0x0000002860700000)]
  0x000001a5988f9800 JavaThread "Cache worker for file hash cache (C:\Users\germy\.gradle\caches\7.3.3\fileHashes)" [_thread_blocked, id=14468, stack(0x0000002860500000,0x0000002860600000)]
  0x000001a5988f9000 JavaThread "File lock request listener" [_thread_in_native, id=17112, stack(0x0000002860400000,0x0000002860500000)]
  0x000001a5988fa800 JavaThread "Cache worker for journal cache (C:\Users\germy\.gradle\caches\journal-1)" [_thread_blocked, id=4936, stack(0x0000002860300000,0x0000002860400000)]
  0x000001a5988f8000 JavaThread "Daemon client event forwarder" [_thread_blocked, id=8832, stack(0x0000002860200000,0x0000002860300000)]
  0x000001a5988fe000 JavaThread "Stdin handler" [_thread_blocked, id=16308, stack(0x0000002860100000,0x0000002860200000)]
  0x000001a5988fd800 JavaThread "Asynchronous log dispatcher for DefaultDaemonConnection: socket connection from /127.0.0.1:50486 to /127.0.0.1:50487" [_thread_blocked, id=12008, stack(0x0000002860000000,0x0000002860100000)]
  0x000001a5988fc800 JavaThread "Daemon worker" [_thread_in_native, id=8056, stack(0x000000285ff00000,0x0000002860000000)]
  0x000001a5988fc000 JavaThread "Cancel handler" [_thread_blocked, id=15972, stack(0x000000285fe00000,0x000000285ff00000)]
  0x000001a5988fb000 JavaThread "Handler for socket connection from /127.0.0.1:50486 to /127.0.0.1:50487" [_thread_in_native, id=3560, stack(0x000000285fd00000,0x000000285fe00000)]
  0x000001a5988f7800 JavaThread "Daemon" [_thread_blocked, id=5816, stack(0x000000285fc00000,0x000000285fd00000)]
  0x000001a5987d0800 JavaThread "Daemon periodic checks" [_thread_blocked, id=7948, stack(0x000000285fb00000,0x000000285fc00000)]
  0x000001a59725d000 JavaThread "Incoming local TCP Connector on port 50486" [_thread_in_native, id=12840, stack(0x000000285fa00000,0x000000285fb00000)]
  0x000001a598624000 JavaThread "Daemon health stats" [_thread_blocked, id=2664, stack(0x000000285f900000,0x000000285fa00000)]
  0x000001a596506800 JavaThread "Service Thread" daemon [_thread_blocked, id=4984, stack(0x000000285f700000,0x000000285f800000)]
  0x000001a596494800 JavaThread "C1 CompilerThread2" daemon [_thread_blocked, id=6404, stack(0x000000285f600000,0x000000285f700000)]
  0x000001a596470000 JavaThread "C2 CompilerThread1" daemon [_thread_blocked, id=5784, stack(0x000000285f500000,0x000000285f600000)]
=>0x000001a59646c800 JavaThread "C2 CompilerThread0" daemon [_thread_in_native, id=17164, stack(0x000000285f400000,0x000000285f500000)]
  0x000001a59646a800 JavaThread "Attach Listener" daemon [_thread_blocked, id=9292, stack(0x000000285f300000,0x000000285f400000)]
  0x000001a596469800 JavaThread "Signal Dispatcher" daemon [_thread_blocked, id=13836, stack(0x000000285f200000,0x000000285f300000)]
  0x000001a59644b800 JavaThread "Finalizer" daemon [_thread_blocked, id=12148, stack(0x000000285f100000,0x000000285f200000)]
  0x000001a596444800 JavaThread "Reference Handler" daemon [_thread_blocked, id=14812, stack(0x000000285f000000,0x000000285f100000)]
  0x000001a583404800 JavaThread "main" [_thread_blocked, id=5716, stack(0x000000285ea00000,0x000000285eb00000)]

Other Threads:
  0x000001a596423800 VMThread [stack: 0x000000285ef00000,0x000000285f000000] [id=17008]
  0x000001a59650d000 WatcherThread [stack: 0x000000285f800000,0x000000285f900000] [id=15736]

VM state:not at safepoint (normal execution)

VM Mutex/Monitor currently owned by a thread: None

heap address: 0x00000000e0000000, size: 512 MB, Compressed Oops mode: 32-bit
Narrow klass base: 0x0000000000000000, Narrow klass shift: 3
Compressed class space size: 1073741824 Address: 0x0000000100000000

Heap:
 PSYoungGen      total 120832K, used 32278K [0x00000000f5580000, 0x00000000fff00000, 0x0000000100000000)
  eden space 108032K, 23% used [0x00000000f5580000,0x00000000f6e7a2f0,0x00000000fbf00000)
  from space 12800K, 52% used [0x00000000fcb00000,0x00000000fd18b5b8,0x00000000fd780000)
  to   space 12288K, 0% used [0x00000000fbf00000,0x00000000fbf00000,0x00000000fcb00000)
 ParOldGen       total 175104K, used 13823K [0x00000000e0000000, 0x00000000eab00000, 0x00000000f5580000)
  object space 175104K, 7% used [0x00000000e0000000,0x00000000e0d7fca8,0x00000000eab00000)
 Metaspace       used 41298K, capacity 43248K, committed 43520K, reserved 1087488K
  class space    used 5942K, capacity 6315K, committed 6400K, reserved 1048576K

Card table byte_map: [0x000001a594150000,0x000001a594260000] byte_map_base: 0x000001a593a50000

Marking Bits: (ParMarkBitMap*) 0x0000000055dc8030
 Begin Bits: [0x000001a594310000, 0x000001a594b10000)
 End Bits:   [0x000001a594b10000, 0x000001a595310000)

Polling page: 0x000001a583730000

CodeCache: size=245760Kb used=11711Kb max_used=11715Kb free=234048Kb
 bounds [0x000001a584d90000, 0x000001a585910000, 0x000001a593d90000]
 total_blobs=3753 nmethods=3012 adapters=653
 compilation: enabled

Compilation events (10 events):
Event: 26.370 Thread 0x000001a596494800 3275       1       org.gradle.internal.operations.DefaultBuildOperationRunner$DefaultBuildOperationContext::getFailure (5 bytes)
Event: 26.370 Thread 0x000001a596494800 nmethod 3275 0x000001a5858eab10 code [0x000001a5858eac60, 0x000001a5858ead78]
Event: 26.380 Thread 0x000001a596470000 nmethod 3273 0x000001a5858ebd10 code [0x000001a5858ec0c0, 0x000001a5858ec7c8]
Event: 26.385 Thread 0x000001a596470000 3276       4       org.objectweb.asm.SymbolTable::addConstantMemberReference (147 bytes)
Event: 26.405 Thread 0x000001a596494800 3277 %     3       org.gradle.internal.instantiation.generator.AbstractClassGenerator::inspectType @ 207 (560 bytes)
Event: 26.411 Thread 0x000001a596494800 nmethod 3277% 0x000001a5858f7290 code [0x000001a5858f7a60, 0x000001a5858fcd50]
Event: 26.411 Thread 0x000001a596494800 3278       3       java.util.regex.Pattern::compile (10 bytes)
Event: 26.411 Thread 0x000001a596494800 nmethod 3278 0x000001a5858ea650 code [0x000001a5858ea7c0, 0x000001a5858ea9b0]
Event: 26.412 Thread 0x000001a596494800 3279       3       java.lang.invoke.LambdaForm$MH/2026236130::linkToTargetMethod (13 bytes)
Event: 26.412 Thread 0x000001a596494800 nmethod 3279 0x000001a5858eb4d0 code [0x000001a5858eb640, 0x000001a5858ebb60]

GC Heap History (10 events):
Event: 19.445 GC heap before
{Heap before GC invocations=6 (full 1):
 PSYoungGen      total 76288K, used 65536K [0x00000000f5580000, 0x00000000fea80000, 0x0000000100000000)
  eden space 65536K, 100% used [0x00000000f5580000,0x00000000f9580000,0x00000000f9580000)
  from space 10752K, 0% used [0x00000000fa000000,0x00000000fa000000,0x00000000faa80000)
  to   space 10752K, 0% used [0x00000000f9580000,0x00000000f9580000,0x00000000fa000000)
 ParOldGen       total 175104K, used 8183K [0x00000000e0000000, 0x00000000eab00000, 0x00000000f5580000)
  object space 175104K, 4% used [0x00000000e0000000,0x00000000e07fdc50,0x00000000eab00000)
 Metaspace       used 24553K, capacity 25516K, committed 25728K, reserved 1071104K
  class space    used 3635K, capacity 3846K, committed 3968K, reserved 1048576K
Event: 19.451 GC heap after
Heap after GC invocations=6 (full 1):
 PSYoungGen      total 76288K, used 5113K [0x00000000f5580000, 0x00000000fd780000, 0x0000000100000000)
  eden space 65536K, 0% used [0x00000000f5580000,0x00000000f5580000,0x00000000f9580000)
  from space 10752K, 47% used [0x00000000f9580000,0x00000000f9a7e7f0,0x00000000fa000000)
  to   space 12800K, 0% used [0x00000000fcb00000,0x00000000fcb00000,0x00000000fd780000)
 ParOldGen       total 175104K, used 8191K [0x00000000e0000000, 0x00000000eab00000, 0x00000000f5580000)
  object space 175104K, 4% used [0x00000000e0000000,0x00000000e07ffc50,0x00000000eab00000)
 Metaspace       used 24553K, capacity 25516K, committed 25728K, reserved 1071104K
  class space    used 3635K, capacity 3846K, committed 3968K, reserved 1048576K
}
Event: 21.968 GC heap before
{Heap before GC invocations=7 (full 1):
 PSYoungGen      total 76288K, used 70649K [0x00000000f5580000, 0x00000000fd780000, 0x0000000100000000)
  eden space 65536K, 100% used [0x00000000f5580000,0x00000000f9580000,0x00000000f9580000)
  from space 10752K, 47% used [0x00000000f9580000,0x00000000f9a7e7f0,0x00000000fa000000)
  to   space 12800K, 0% used [0x00000000fcb00000,0x00000000fcb00000,0x00000000fd780000)
 ParOldGen       total 175104K, used 8191K [0x00000000e0000000, 0x00000000eab00000, 0x00000000f5580000)
  object space 175104K, 4% used [0x00000000e0000000,0x00000000e07ffc50,0x00000000eab00000)
 Metaspace       used 32850K, capacity 34192K, committed 34432K, reserved 1079296K
  class space    used 4662K, capacity 4965K, committed 4992K, reserved 1048576K
Event: 22.010 GC heap after
Heap after GC invocations=7 (full 1):
 PSYoungGen      total 120320K, used 9658K [0x00000000f5580000, 0x00000000fd800000, 0x0000000100000000)
  eden space 107520K, 0% used [0x00000000f5580000,0x00000000f5580000,0x00000000fbe80000)
  from space 12800K, 75% used [0x00000000fcb00000,0x00000000fd46eb58,0x00000000fd780000)
  to   space 12800K, 0% used [0x00000000fbe80000,0x00000000fbe80000,0x00000000fcb00000)
 ParOldGen       total 175104K, used 8199K [0x00000000e0000000, 0x00000000eab00000, 0x00000000f5580000)
  object space 175104K, 4% used [0x00000000e0000000,0x00000000e0801c50,0x00000000eab00000)
 Metaspace       used 32850K, capacity 34192K, committed 34432K, reserved 1079296K
  class space    used 4662K, capacity 4965K, committed 4992K, reserved 1048576K
}
Event: 22.307 GC heap before
{Heap before GC invocations=8 (full 1):
 PSYoungGen      total 120320K, used 28422K [0x00000000f5580000, 0x00000000fd800000, 0x0000000100000000)
  eden space 107520K, 17% used [0x00000000f5580000,0x00000000f67d3040,0x00000000fbe80000)
  from space 12800K, 75% used [0x00000000fcb00000,0x00000000fd46eb58,0x00000000fd780000)
  to   space 12800K, 0% used [0x00000000fbe80000,0x00000000fbe80000,0x00000000fcb00000)
 ParOldGen       total 175104K, used 8199K [0x00000000e0000000, 0x00000000eab00000, 0x00000000f5580000)
  object space 175104K, 4% used [0x00000000e0000000,0x00000000e0801c50,0x00000000eab00000)
 Metaspace       used 33956K, capacity 35286K, committed 35456K, reserved 1079296K
  class space    used 4845K, capacity 5132K, committed 5248K, reserved 1048576K
Event: 22.322 GC heap after
Heap after GC invocations=8 (full 1):
 PSYoungGen      total 120320K, used 6819K [0x00000000f5580000, 0x00000000fd800000, 0x0000000100000000)
  eden space 107520K, 0% used [0x00000000f5580000,0x00000000f5580000,0x00000000fbe80000)
  from space 12800K, 53% used [0x00000000fbe80000,0x00000000fc528eb0,0x00000000fcb00000)
  to   space 12800K, 0% used [0x00000000fcb00000,0x00000000fcb00000,0x00000000fd780000)
 ParOldGen       total 175104K, used 8207K [0x00000000e0000000, 0x00000000eab00000, 0x00000000f5580000)
  object space 175104K, 4% used [0x00000000e0000000,0x00000000e0803c50,0x00000000eab00000)
 Metaspace       used 33956K, capacity 35286K, committed 35456K, reserved 1079296K
  class space    used 4845K, capacity 5132K, committed 5248K, reserved 1048576K
}
Event: 22.322 GC heap before
{Heap before GC invocations=9 (full 2):
 PSYoungGen      total 120320K, used 6819K [0x00000000f5580000, 0x00000000fd800000, 0x0000000100000000)
  eden space 107520K, 0% used [0x00000000f5580000,0x00000000f5580000,0x00000000fbe80000)
  from space 12800K, 53% used [0x00000000fbe80000,0x00000000fc528eb0,0x00000000fcb00000)
  to   space 12800K, 0% used [0x00000000fcb00000,0x00000000fcb00000,0x00000000fd780000)
 ParOldGen       total 175104K, used 8207K [0x00000000e0000000, 0x00000000eab00000, 0x00000000f5580000)
  object space 175104K, 4% used [0x00000000e0000000,0x00000000e0803c50,0x00000000eab00000)
 Metaspace       used 33956K, capacity 35286K, committed 35456K, reserved 1079296K
  class space    used 4845K, capacity 5132K, committed 5248K, reserved 1048576K
Event: 22.416 GC heap after
Heap after GC invocations=9 (full 2):
 PSYoungGen      total 120320K, used 0K [0x00000000f5580000, 0x00000000fd800000, 0x0000000100000000)
  eden space 107520K, 0% used [0x00000000f5580000,0x00000000f5580000,0x00000000fbe80000)
  from space 12800K, 0% used [0x00000000fbe80000,0x00000000fbe80000,0x00000000fcb00000)
  to   space 12800K, 0% used [0x00000000fcb00000,0x00000000fcb00000,0x00000000fd780000)
 ParOldGen       total 175104K, used 13823K [0x00000000e0000000, 0x00000000eab00000, 0x00000000f5580000)
  object space 175104K, 7% used [0x00000000e0000000,0x00000000e0d7fca8,0x00000000eab00000)
 Metaspace       used 33956K, capacity 35286K, committed 35456K, reserved 1079296K
  class space    used 4845K, capacity 5132K, committed 5248K, reserved 1048576K
}
Event: 25.653 GC heap before
{Heap before GC invocations=10 (full 2):
 PSYoungGen      total 120320K, used 107520K [0x00000000f5580000, 0x00000000fd800000, 0x0000000100000000)
  eden space 107520K, 100% used [0x00000000f5580000,0x00000000fbe80000,0x00000000fbe80000)
  from space 12800K, 0% used [0x00000000fbe80000,0x00000000fbe80000,0x00000000fcb00000)
  to   space 12800K, 0% used [0x00000000fcb00000,0x00000000fcb00000,0x00000000fd780000)
 ParOldGen       total 175104K, used 13823K [0x00000000e0000000, 0x00000000eab00000, 0x00000000f5580000)
  object space 175104K, 7% used [0x00000000e0000000,0x00000000e0d7fca8,0x00000000eab00000)
 Metaspace       used 39188K, capacity 41058K, committed 41344K, reserved 1085440K
  class space    used 5604K, capacity 5947K, committed 6016K, reserved 1048576K
Event: 25.661 GC heap after
Heap after GC invocations=10 (full 2):
 PSYoungGen      total 120832K, used 6701K [0x00000000f5580000, 0x00000000fff00000, 0x0000000100000000)
  eden space 108032K, 0% used [0x00000000f5580000,0x00000000f5580000,0x00000000fbf00000)
  from space 12800K, 52% used [0x00000000fcb00000,0x00000000fd18b5b8,0x00000000fd780000)
  to   space 12288K, 0% used [0x00000000fbf00000,0x00000000fbf00000,0x00000000fcb00000)
 ParOldGen       total 175104K, used 13823K [0x00000000e0000000, 0x00000000eab00000, 0x00000000f5580000)
  object space 175104K, 7% used [0x00000000e0000000,0x00000000e0d7fca8,0x00000000eab00000)
 Metaspace       used 39188K, capacity 41058K, committed 41344K, reserved 1085440K
  class space    used 5604K, capacity 5947K, committed 6016K, reserved 1048576K
}

Deoptimization events (10 events):
Event: 23.420 Thread 0x000001a5988fc800 Uncommon trap: reason=range_check action=make_not_entrant pc=0x000001a5857110e0 method=java.lang.String.charAt(I)C @ 27
Event: 24.086 Thread 0x000001a5988fc800 Uncommon trap: reason=unstable_if action=reinterpret pc=0x000001a58517f860 method=java.lang.String.lastIndexOf([CII[CIII)I @ 118
Event: 24.336 Thread 0x000001a5988fc800 Uncommon trap: reason=unstable_if action=reinterpret pc=0x000001a584ed0550 method=java.util.regex.Pattern.has(I)Z @ 6
Event: 24.535 Thread 0x000001a5988fc800 Uncommon trap: reason=bimorphic action=maybe_recompile pc=0x000001a58559a8ec method=java.util.AbstractCollection.addAll(Ljava/util/Collection;)Z @ 29
Event: 24.929 Thread 0x000001a59b52c800 Uncommon trap: reason=class_check action=maybe_recompile pc=0x000001a5851d97c0 method=java.util.concurrent.ConcurrentHashMap.putVal(Ljava/lang/Object;Ljava/lang/Object;Z)Ljava/lang/Object; @ 192
Event: 24.929 Thread 0x000001a59b52c800 Uncommon trap: reason=unstable_if action=reinterpret pc=0x000001a585874d30 method=java.lang.invoke.MethodType$ConcurrentWeakInternSet.add(Ljava/lang/Object;)Ljava/lang/Object; @ 47
Event: 24.930 Thread 0x000001a59b52c800 Uncommon trap: reason=unstable_if action=reinterpret pc=0x000001a5851d9740 method=java.util.concurrent.ConcurrentHashMap.putVal(Ljava/lang/Object;Ljava/lang/Object;Z)Ljava/lang/Object; @ 98
Event: 25.969 Thread 0x000001a5988fc800 Uncommon trap: reason=unstable_if action=reinterpret pc=0x000001a5858b3b90 method=com.google.common.reflect.TypeResolver$TypeVariableKey.equalsTypeVariable(Ljava/lang/reflect/TypeVariable;)Z @ 39
Event: 26.262 Thread 0x000001a5988fc800 Uncommon trap: reason=unstable_if action=reinterpret pc=0x000001a58579020c method=java.security.CodeSource.hashCode()I @ 4
Event: 26.262 Thread 0x000001a5988fc800 Uncommon trap: reason=unstable_if action=reinterpret pc=0x000001a58572ebc8 method=java.security.CodeSource.hashCode()I @ 4

Classes redefined (0 events):
No events

Internal exceptions (10 events):
Event: 23.302 Thread 0x000001a5988fc800 Exception <a 'java/lang/ClassNotFoundException': org/gradle/plugin/use/internal/PluginRequestCollector$PluginDependencySpecImplBeanInfo> (0x00000000f64b7c38) thrown at [C:\jenkins\workspace\8-2-build-windows-amd64-cygwin\jdk8u311\1894\hotspot\src\share\vm
Event: 23.303 Thread 0x000001a5988fc800 Exception <a 'java/lang/ClassNotFoundException': org/gradle/plugin/use/internal/PluginRequestCollector$PluginDependencySpecImplCustomizer> (0x00000000f65043a0) thrown at [C:\jenkins\workspace\8-2-build-windows-amd64-cygwin\jdk8u311\1894\hotspot\src\share\
Event: 23.910 Thread 0x000001a5988fc800 Exception <a 'java/lang/NoSuchMethodError': java.lang.Object.lambda$static$0(Lorg/gradle/api/internal/artifacts/configurations/MutationValidator$MutationType;)V> (0x00000000f7e1d660) thrown at [C:\jenkins\workspace\8-2-build-windows-amd64-cygwin\jdk8u311\
Event: 24.145 Thread 0x000001a5988fc800 Exception <a 'java/lang/NoSuchMethodError': java.lang.Object.lambda$static$0(Lorg/gradle/internal/component/model/DependencyMetadata;)Lorg/gradle/api/internal/artifacts/ivyservice/dependencysubstitution/DependencySubstitutionApplicator$SubstitutionResult;
Event: 24.219 Thread 0x000001a5988fc800 Exception <a 'java/lang/IncompatibleClassChangeError': Found class java.lang.Object, but interface was expected> (0x00000000f94faca0) thrown at [C:\jenkins\workspace\8-2-build-windows-amd64-cygwin\jdk8u311\1894\hotspot\src\share\vm\interpreter\linkResolve
Event: 24.220 Thread 0x000001a5988fc800 Exception <a 'java/lang/NoSuchMethodError': java.lang.Object.lambda$thenComparing$36697e65$1(Ljava/util/Comparator;Ljava/lang/Object;Ljava/lang/Object;)I> (0x00000000f95067b8) thrown at [C:\jenkins\workspace\8-2-build-windows-amd64-cygwin\jdk8u311\1894\ho
Event: 24.386 Thread 0x000001a5988fc800 Exception <a 'java/lang/NoSuchMethodError': java.lang.Object.lambda$static$0()Z> (0x00000000fa235588) thrown at [C:\jenkins\workspace\8-2-build-windows-amd64-cygwin\jdk8u311\1894\hotspot\src\share\vm\interpreter\linkResolver.cpp, line 620]
Event: 24.536 Thread 0x000001a5988fc800 Exception <a 'java/lang/NoSuchMethodError': java.lang.Object.lambda$static$0(Lorg/gradle/api/internal/tasks/TaskDependencyResolveContext;)V> (0x00000000fae9fdb8) thrown at [C:\jenkins\workspace\8-2-build-windows-amd64-cygwin\jdk8u311\1894\hotspot\src\shar
Event: 26.261 Thread 0x000001a5988fc800 Implicit null exception at 0x000001a58578dded to 0x000001a5857901d5
Event: 26.262 Thread 0x000001a5988fc800 Implicit null exception at 0x000001a58572e8d5 to 0x000001a58572ebb9

Events (10 events):
Event: 26.421 loading class org/gradle/api/internal/file/collections/DefaultConfigurableFileCollection$State
Event: 26.421 loading class org/gradle/api/internal/file/collections/DefaultConfigurableFileCollection$State done
Event: 26.429 loading class org/gradle/api/internal/file/collections/DefaultConfigurableFileCollection$PathSet
Event: 26.430 loading class org/gradle/api/internal/file/collections/DefaultConfigurableFileCollection$PathSet done
Event: 26.431 loading class org/gradle/api/internal/tasks/DefaultTaskDependency$TaskDependencySet
Event: 26.431 loading class org/gradle/api/internal/tasks/DefaultTaskDependency$TaskDependencySet done
Event: 26.434 loading class org/gradle/api/internal/tasks/DefaultSourceSetOutput
Event: 26.434 loading class org/gradle/api/internal/tasks/DefaultSourceSetOutput done
Event: 26.434 loading class org/gradle/api/internal/file/collections/DefaultConfigurableFileCollection$UnresolvedItemsCollector
Event: 26.434 loading class org/gradle/api/internal/file/collections/DefaultConfigurableFileCollection$UnresolvedItemsCollector done


Dynamic libraries:
0x00007ff75c650000 - 0x00007ff75c697000 	C:\Program Files\Java\jdk1.8.0_311\bin\java.exe
0x00007ffd05800000 - 0x00007ffd05a09000 	C:\WINDOWS\SYSTEM32\ntdll.dll
0x00007ffd036a0000 - 0x00007ffd0375d000 	C:\WINDOWS\System32\KERNEL32.DLL
0x00007ffd02e80000 - 0x00007ffd031f4000 	C:\WINDOWS\System32\KERNELBASE.dll
0x00007ffd04e20000 - 0x00007ffd04ece000 	C:\WINDOWS\System32\ADVAPI32.dll
0x00007ffd04d70000 - 0x00007ffd04e13000 	C:\WINDOWS\System32\msvcrt.dll
0x00007ffd05690000 - 0x00007ffd0572e000 	C:\WINDOWS\System32\sechost.dll
0x00007ffd03790000 - 0x00007ffd038b0000 	C:\WINDOWS\System32\RPCRT4.dll
0x00007ffd05250000 - 0x00007ffd053fc000 	C:\WINDOWS\System32\USER32.dll
0x00007ffd032a0000 - 0x00007ffd032c6000 	C:\WINDOWS\System32\win32u.dll
0x00007ffd03760000 - 0x00007ffd03789000 	C:\WINDOWS\System32\GDI32.dll
0x00007ffd032d0000 - 0x00007ffd033e2000 	C:\WINDOWS\System32\gdi32full.dll
0x00007ffd03200000 - 0x00007ffd0329d000 	C:\WINDOWS\System32\msvcp_win.dll
0x00007ffd02d60000 - 0x00007ffd02e71000 	C:\WINDOWS\System32\ucrtbase.dll
0x00007ffcee580000 - 0x00007ffcee825000 	C:\WINDOWS\WinSxS\amd64_microsoft.windows.common-controls_6595b64144ccf1df_6.0.22000.120_none_9d947278b86cc467\COMCTL32.dll
0x00007ffd043b0000 - 0x00007ffd043e1000 	C:\WINDOWS\System32\IMM32.DLL
0x00007ffcf1790000 - 0x00007ffcf17a5000 	C:\Program Files\Java\jdk1.8.0_311\jre\bin\vcruntime140.dll
0x00007ffcc67a0000 - 0x00007ffcc683b000 	C:\Program Files\Java\jdk1.8.0_311\jre\bin\msvcp140.dll
0x00000000555e0000 - 0x0000000055e40000 	C:\Program Files\Java\jdk1.8.0_311\jre\bin\server\jvm.dll
0x00007ffd04630000 - 0x00007ffd04638000 	C:\WINDOWS\System32\PSAPI.DLL
0x00007ffcfca70000 - 0x00007ffcfcaa3000 	C:\WINDOWS\SYSTEM32\WINMM.dll
0x00007ffcf89a0000 - 0x00007ffcf89aa000 	C:\WINDOWS\SYSTEM32\VERSION.dll
0x00007ffceb130000 - 0x00007ffceb139000 	C:\WINDOWS\SYSTEM32\WSOCK32.dll
0x00007ffd05510000 - 0x00007ffd0557f000 	C:\WINDOWS\System32\WS2_32.dll
0x00007ffd01db0000 - 0x00007ffd01dc8000 	C:\WINDOWS\SYSTEM32\kernel.appcore.dll
0x00007ffcfd470000 - 0x00007ffcfd480000 	C:\Program Files\Java\jdk1.8.0_311\jre\bin\verify.dll
0x00007ffce1c40000 - 0x00007ffce1c6b000 	C:\Program Files\Java\jdk1.8.0_311\jre\bin\java.dll
0x00007ffce0850000 - 0x00007ffce0868000 	C:\Program Files\Java\jdk1.8.0_311\jre\bin\zip.dll
0x00007ffd03c00000 - 0x00007ffd043ae000 	C:\WINDOWS\System32\SHELL32.dll
0x00007ffd00e20000 - 0x00007ffd01687000 	C:\WINDOWS\SYSTEM32\windows.storage.dll
0x00007ffd04ed0000 - 0x00007ffd05248000 	C:\WINDOWS\System32\combase.dll
0x00007ffd00cb0000 - 0x00007ffd00e16000 	C:\WINDOWS\SYSTEM32\wintypes.dll
0x00007ffd04650000 - 0x00007ffd0473a000 	C:\WINDOWS\System32\SHCORE.dll
0x00007ffd039d0000 - 0x00007ffd03a2d000 	C:\WINDOWS\System32\shlwapi.dll
0x00007ffd02c20000 - 0x00007ffd02c41000 	C:\WINDOWS\SYSTEM32\profapi.dll
0x00007ffcd9730000 - 0x00007ffcd974c000 	C:\Program Files\Java\jdk1.8.0_311\jre\bin\net.dll
0x00007ffd021f0000 - 0x00007ffd02257000 	C:\WINDOWS\system32\mswsock.dll
0x00007ffcd9340000 - 0x00007ffcd9353000 	C:\Program Files\Java\jdk1.8.0_311\jre\bin\nio.dll
0x00007ffcc6430000 - 0x00007ffcc6457000 	C:\Users\germy\.gradle\native\e1d6ef7f7dcc3fd88c89a11ec53ec762bb8ba0a96d01ffa2cd45eb1d1d8dd5c5\windows-amd64\native-platform.dll
0x00007ffca8010000 - 0x00007ffca8154000 	C:\Users\germy\.gradle\native\5664cfc778a61ccfe75a443a1ab52a65af34e5dc3c78e0209fed803814484fcb\windows-amd64\native-platform-file-events.dll
0x00007ffcfcb90000 - 0x00007ffcfcb9d000 	C:\Program Files\Java\jdk1.8.0_311\jre\bin\management.dll
0x00007ffd02460000 - 0x00007ffd02478000 	C:\WINDOWS\SYSTEM32\CRYPTSP.dll
0x00007ffd01d10000 - 0x00007ffd01d45000 	C:\WINDOWS\system32\rsaenh.dll
0x00007ffd02310000 - 0x00007ffd02339000 	C:\WINDOWS\SYSTEM32\USERENV.dll
0x00007ffd025e0000 - 0x00007ffd02607000 	C:\WINDOWS\SYSTEM32\bcrypt.dll
0x00007ffd03620000 - 0x00007ffd0369f000 	C:\WINDOWS\System32\bcryptprimitives.dll
0x00007ffd02480000 - 0x00007ffd0248c000 	C:\WINDOWS\SYSTEM32\CRYPTBASE.dll
0x00007ffd018e0000 - 0x00007ffd0190d000 	C:\WINDOWS\SYSTEM32\IPHLPAPI.DLL
0x00007ffd04640000 - 0x00007ffd04649000 	C:\WINDOWS\System32\NSI.dll
0x00007ffcfba20000 - 0x00007ffcfba39000 	C:\WINDOWS\SYSTEM32\dhcpcsvc6.DLL
0x00007ffcfcb60000 - 0x00007ffcfcb7e000 	C:\WINDOWS\SYSTEM32\dhcpcsvc.DLL
0x00007ffd01950000 - 0x00007ffd01a37000 	C:\WINDOWS\SYSTEM32\DNSAPI.dll
0x00007ffd00700000 - 0x00007ffd00921000 	C:\WINDOWS\SYSTEM32\dbghelp.dll

VM Arguments:
jvm_args: -XX:MaxMetaspaceSize=256m -XX:+HeapDumpOnOutOfMemoryError -Xms256m -Xmx512m -Dfile.encoding=windows-1252 -Duser.country=US -Duser.language=en -Duser.variant 
java_command: org.gradle.launcher.daemon.bootstrap.GradleDaemon 7.3.3
java_class_path (initial): C:\Gradle\gradle-7.3.3\lib\gradle-launcher-7.3.3.jar
Launcher Type: SUN_STANDARD

Environment Variables:
JAVA_HOME=C:\Program Files\Java\jdk1.8.0_311
PATH=C:\Users\germy\bin;C:\Program Files\Git\mingw64\bin;C:\Program Files\Git\usr\local\bin;C:\Program Files\Git\usr\bin;C:\Program Files\Git\usr\bin;C:\Program Files\Git\mingw64\bin;C:\Program Files\Git\usr\bin;C:\Users\germy\bin;C:\WINDOWS\system32;C:\WINDOWS;C:\WINDOWS\System32\Wbem;C:\WINDOWS\System32\WindowsPowerShell\v1.0;C:\WINDOWS\System32\OpenSSH;C:\WINDOWS\System32\WBem;C:\Program Files\Java\jdk1.8.0_311\bin;C:\Program Files\Java\jdk1.8.0_311;C:\Gradle\gradle-7.3.3\bin;C:\Program Files\Microsoft SQL Server\150\Tools\Binn;C:\Program Files\Microsoft SQL Server\Client SDK\ODBC\170\Tools\Binn;C:\Program Files\dotnet;C:\Program Files\Git\cmd;C:\Program Files\Git\mingw64\bin;C:\Program Files\Git\usr\bin;C:\Program Files\Docker\Docker\resources\bin;C:\ProgramData\DockerDesktop\version-bin;C:\Program Files (x86)\dotnet;C:\Users\germy\AppData\Local\Microsoft\WindowsApps;C:\Program Files\JetBrains\IntelliJ IDEA Community Edition 2021.3.1\bin;C:\Users\germy\.dotnet\tools;C:\Program Files\Git\usr\bin\vendor_perl;C:\Program Files\Git\usr\bin\core_perl
USERNAME=germy
SHELL=C:\Program Files\Git\usr\bin\bash.exe
DISPLAY=needs-to-be-defined
OS=Windows_NT
PROCESSOR_IDENTIFIER=AMD64 Family 23 Model 24 Stepping 1, AuthenticAMD



---------------  S Y S T E M  ---------------

OS: Windows 10.0 , 64 bit Build 22000 (10.0.22000.434)

CPU:total 4 (initial active 4) (4 cores per cpu, 1 threads per core) family 23 model 24 stepping 1, cmov, cx8, fxsr, mmx, sse, sse2, sse3, ssse3, sse4.1, sse4.2, popcnt, avx, avx2, aes, clmul, mmxext, 3dnowpref, lzcnt, sse4a, tsc, tscinvbit, tscinv, bmi1

Memory: 4k page, physical 3619136k(274384k free), swap 14629184k(2476k free)

vm_info: Java HotSpot(TM) 64-Bit Server VM (25.311-b11) for windows-amd64 JRE (1.8.0_311-b11), built on Sep 27 2021 05:15:14 by "java_re" with MS VC++ 15.9 (VS2017)

time: Mon Feb 14 17:42:06 2022
timezone: Eastern Standard Time
elapsed time: 26.497442 seconds (0d 0h 0m 26s)

