#
# There is insufficient memory for the Java Runtime Environment to continue.
# Native memory allocation (malloc) failed to allocate 197456 bytes for Chunk::new
# Possible reasons:
#   The system is out of physical RAM or swap space
#   The process is running with CompressedOops enabled, and the Java Heap may be blocking the growth of the native heap
# Possible solutions:
#   Reduce memory load on the system
#   Increase physical memory or swap space
#   Check if swap backing store is full
#   Decrease Java heap size (-Xmx/-Xms)
#   Decrease number of Java threads
#   Decrease Java thread stack sizes (-Xss)
#   Set larger code cache with -XX:ReservedCodeCacheSize=
#   JVM is running with Unscaled Compressed Oops mode in which the Java heap is
#     placed in the first 4GB address space. The Java Heap base address is the
#     maximum limit for the native heap growth. Please use -XX:HeapBaseMinAddress
#     to set the Java Heap base and to place the Java Heap above 4GB virtual address.
# This output file may be truncated or incomplete.
#
#  Out of Memory Error (allocation.cpp:389), pid=14520, tid=0x0000000000003d68
#
# JRE version: Java(TM) SE Runtime Environment (8.0_311-b11) (build 1.8.0_311-b11)
# Java VM: Java HotSpot(TM) 64-Bit Server VM (25.311-b11 mixed mode windows-amd64 compressed oops)
# Failed to write core dump. Minidumps are not enabled by default on client versions of Windows
#

---------------  T H R E A D  ---------------

Current thread (0x0000017743f8f000):  JavaThread "C2 CompilerThread0" daemon [_thread_in_native, id=15720, stack(0x00000055a0100000,0x00000055a0200000)]

Stack: [0x00000055a0100000,0x00000055a0200000]
Native frames: (J=compiled Java code, j=interpreted, Vv=VM code, C=native code)
V  [jvm.dll+0x32f239]


Current CompileTask:
C2:  32500 6532       4       org.apache.tools.zip.ZipEntry::mergeExtraFields (154 bytes)


---------------  P R O C E S S  ---------------

Java Threads: ( => current thread )
  0x0000017748d05000 JavaThread "Build operations Thread 4" [_thread_blocked, id=3352, stack(0x00000055a5000000,0x00000055a5100000)]
  0x0000017748d06800 JavaThread "Build operations Thread 3" [_thread_blocked, id=16544, stack(0x00000055a4f00000,0x00000055a5000000)]
  0x0000017748d05800 JavaThread "Build operations Thread 2" [_thread_blocked, id=17032, stack(0x00000055a4e00000,0x00000055a4f00000)]
  0x0000017748d01000 JavaThread "Build operations" [_thread_blocked, id=9220, stack(0x00000055a4d00000,0x00000055a4e00000)]
  0x0000017748d07000 JavaThread "Cache worker for Java compile cache (C:\Users\germy\.gradle\caches\7.3.3\javaCompile)" [_thread_blocked, id=5124, stack(0x00000055a4c00000,0x00000055a4d00000)]
  0x00000177490f4000 JavaThread "Cache worker for execution history cache (C:\Users\germy\Documents\Revature\Project1_New\ProjectP1\.gradle\7.3.3\executionHistory)" [_thread_blocked, id=2908, stack(0x00000055a4b00000,0x00000055a4c00000)]
  0x00000177490f3800 JavaThread "Execution worker for ':' Thread 3" [_thread_blocked, id=15728, stack(0x00000055a4a00000,0x00000055a4b00000)]
  0x00000177490f5800 JavaThread "Execution worker for ':' Thread 2" [_thread_blocked, id=4896, stack(0x00000055a4900000,0x00000055a4a00000)]
  0x00000177490f6800 JavaThread "Execution worker for ':'" [_thread_blocked, id=3600, stack(0x00000055a4800000,0x00000055a4900000)]
  0x00000177490f2000 JavaThread "Unconstrained build operations Thread 38" [_thread_blocked, id=14128, stack(0x00000055a4700000,0x00000055a4800000)]
  0x00000177490f1000 JavaThread "Unconstrained build operations Thread 37" [_thread_blocked, id=6120, stack(0x00000055a4600000,0x00000055a4700000)]
  0x00000177490f7000 JavaThread "Unconstrained build operations Thread 36" [_thread_blocked, id=13232, stack(0x00000055a4500000,0x00000055a4600000)]
  0x00000177490f5000 JavaThread "Unconstrained build operations Thread 35" [_thread_blocked, id=16104, stack(0x00000055a4400000,0x00000055a4500000)]
  0x00000177490f2800 JavaThread "Unconstrained build operations Thread 34" [_thread_blocked, id=8588, stack(0x00000055a4300000,0x00000055a4400000)]
  0x00000177490e9800 JavaThread "Unconstrained build operations Thread 33" [_thread_blocked, id=3424, stack(0x00000055a4200000,0x00000055a4300000)]
  0x00000177490f0800 JavaThread "Unconstrained build operations Thread 32" [_thread_blocked, id=16660, stack(0x00000055a4100000,0x00000055a4200000)]
  0x00000177490e9000 JavaThread "Unconstrained build operations Thread 31" [_thread_blocked, id=5480, stack(0x00000055a4000000,0x00000055a4100000)]
  0x00000177490ef800 JavaThread "Unconstrained build operations Thread 30" [_thread_blocked, id=6976, stack(0x00000055a3f00000,0x00000055a4000000)]
  0x00000177490ef000 JavaThread "Unconstrained build operations Thread 29" [_thread_blocked, id=14260, stack(0x00000055a3e00000,0x00000055a3f00000)]
  0x00000177490ee000 JavaThread "Unconstrained build operations Thread 28" [_thread_blocked, id=16624, stack(0x00000055a3d00000,0x00000055a3e00000)]
  0x00000177490e8000 JavaThread "Unconstrained build operations Thread 27" [_thread_blocked, id=724, stack(0x00000055a3c00000,0x00000055a3d00000)]
  0x00000177490ed800 JavaThread "Unconstrained build operations Thread 26" [_thread_blocked, id=3632, stack(0x00000055a3b00000,0x00000055a3c00000)]
  0x00000177490eb000 JavaThread "Unconstrained build operations Thread 25" [_thread_blocked, id=11216, stack(0x00000055a3a00000,0x00000055a3b00000)]
  0x00000177490ea800 JavaThread "Unconstrained build operations Thread 24" [_thread_blocked, id=6384, stack(0x00000055a3900000,0x00000055a3a00000)]
  0x00000177490ec800 JavaThread "Unconstrained build operations Thread 23" [_thread_blocked, id=12372, stack(0x00000055a3800000,0x00000055a3900000)]
  0x00000177490ec000 JavaThread "Unconstrained build operations Thread 22" [_thread_blocked, id=16156, stack(0x00000055a3700000,0x00000055a3800000)]
  0x0000017748448000 JavaThread "Unconstrained build operations Thread 21" [_thread_blocked, id=12144, stack(0x00000055a3600000,0x00000055a3700000)]
  0x0000017748447800 JavaThread "Unconstrained build operations Thread 20" [_thread_blocked, id=10092, stack(0x00000055a3500000,0x00000055a3600000)]
  0x0000017748449000 JavaThread "Unconstrained build operations Thread 19" [_thread_blocked, id=5720, stack(0x00000055a3400000,0x00000055a3500000)]
  0x0000017748449800 JavaThread "Unconstrained build operations Thread 18" [_thread_blocked, id=5512, stack(0x00000055a3300000,0x00000055a3400000)]
  0x000001774844a800 JavaThread "Unconstrained build operations Thread 17" [_thread_blocked, id=5500, stack(0x00000055a3200000,0x00000055a3300000)]
  0x0000017748446000 JavaThread "Unconstrained build operations Thread 16" [_thread_blocked, id=16372, stack(0x00000055a3100000,0x00000055a3200000)]
  0x0000017748440000 JavaThread "Unconstrained build operations Thread 15" [_thread_blocked, id=13320, stack(0x00000055a3000000,0x00000055a3100000)]
  0x0000017748445000 JavaThread "Unconstrained build operations Thread 14" [_thread_blocked, id=5776, stack(0x00000055a2f00000,0x00000055a3000000)]
  0x0000017748446800 JavaThread "Unconstrained build operations Thread 13" [_thread_blocked, id=8184, stack(0x00000055a2e00000,0x00000055a2f00000)]
  0x0000017748444800 JavaThread "Unconstrained build operations Thread 12" [_thread_blocked, id=16376, stack(0x00000055a2d00000,0x00000055a2e00000)]
  0x0000017748443800 JavaThread "Unconstrained build operations Thread 11" [_thread_blocked, id=6696, stack(0x00000055a2c00000,0x00000055a2d00000)]
  0x000001774843c000 JavaThread "Unconstrained build operations Thread 10" [_thread_blocked, id=3644, stack(0x00000055a2b00000,0x00000055a2c00000)]
  0x000001774843e800 JavaThread "Unconstrained build operations Thread 9" [_thread_blocked, id=12704, stack(0x00000055a2a00000,0x00000055a2b00000)]
  0x0000017748443000 JavaThread "Unconstrained build operations Thread 8" [_thread_blocked, id=8300, stack(0x00000055a2900000,0x00000055a2a00000)]
  0x0000017748441800 JavaThread "Unconstrained build operations Thread 7" [_thread_blocked, id=16364, stack(0x00000055a2800000,0x00000055a2900000)]
  0x000001774843d800 JavaThread "Unconstrained build operations Thread 6" [_thread_blocked, id=9488, stack(0x00000055a2700000,0x00000055a2800000)]
  0x000001774843d000 JavaThread "Unconstrained build operations Thread 5" [_thread_blocked, id=16648, stack(0x00000055a2600000,0x00000055a2700000)]
  0x0000017748440800 JavaThread "Unconstrained build operations Thread 4" [_thread_blocked, id=17208, stack(0x00000055a2500000,0x00000055a2600000)]
  0x000001774843b800 JavaThread "Unconstrained build operations Thread 3" [_thread_blocked, id=932, stack(0x00000055a2400000,0x00000055a2500000)]
  0x0000017748442000 JavaThread "Memory manager" [_thread_blocked, id=14496, stack(0x00000055a2300000,0x00000055a2400000)]
  0x000001774843f000 JavaThread "jar transforms Thread 4" [_thread_blocked, id=16928, stack(0x00000055a2200000,0x00000055a2300000)]
  0x000001774855f000 JavaThread "Unconstrained build operations Thread 2" [_thread_blocked, id=16116, stack(0x00000055a2100000,0x00000055a2200000)]
  0x000001774855d000 JavaThread "Unconstrained build operations" [_thread_blocked, id=13792, stack(0x00000055a2000000,0x00000055a2100000)]
  0x000001774855c000 JavaThread "Cache worker for Build Output Cleanup Cache (C:\Users\germy\Documents\Revature\Project1_New\ProjectP1\.gradle\buildOutputCleanup)" [_thread_blocked, id=8, stack(0x00000055a1f00000,0x00000055a2000000)]
  0x0000017748562000 JavaThread "jar transforms Thread 3" [_thread_blocked, id=17052, stack(0x00000055a1e00000,0x00000055a1f00000)]
  0x0000017748560000 JavaThread "Cache worker for dependencies-accessors (C:\Users\germy\Documents\Revature\Project1_New\ProjectP1\.gradle\7.3.3\dependencies-accessors)" [_thread_blocked, id=4084, stack(0x00000055a1d00000,0x00000055a1e00000)]
  0x000001774855d800 JavaThread "Cache worker for file content cache (C:\Users\germy\.gradle\caches\7.3.3\fileContent)" [_thread_blocked, id=15744, stack(0x00000055a1c00000,0x00000055a1d00000)]
  0x000001774855b800 JavaThread "jar transforms Thread 2" [_thread_blocked, id=17296, stack(0x00000055a1b00000,0x00000055a1c00000)]
  0x0000017748560800 JavaThread "jar transforms" [_thread_blocked, id=13776, stack(0x00000055a1a00000,0x00000055a1b00000)]
  0x0000017748334800 JavaThread "Cache worker for execution history cache (C:\Users\germy\.gradle\caches\7.3.3\executionHistory)" [_thread_blocked, id=16244, stack(0x00000055a1900000,0x00000055a1a00000)]
  0x0000017748333000 JavaThread "Cache worker for cache directory md-rule (C:\Users\germy\.gradle\caches\7.3.3\md-rule)" [_thread_blocked, id=9808, stack(0x00000055a1800000,0x00000055a1900000)]
  0x0000017748332800 JavaThread "Cache worker for cache directory md-supplier (C:\Users\germy\.gradle\caches\7.3.3\md-supplier)" [_thread_blocked, id=6148, stack(0x00000055a1700000,0x00000055a1800000)]
  0x0000017748334000 JavaThread "Cache worker for checksums cache (C:\Users\germy\Documents\Revature\Project1_New\ProjectP1\.gradle\7.3.3\checksums)" [_thread_blocked, id=2536, stack(0x00000055a1600000,0x00000055a1700000)]
  0x0000017748331800 JavaThread "File watcher consumer" daemon [_thread_blocked, id=16640, stack(0x00000055a1500000,0x00000055a1600000)]
  0x0000017748331000 JavaThread "File watcher server" daemon [_thread_in_native, id=11416, stack(0x00000055a1400000,0x00000055a1500000)]
  0x0000017748330000 JavaThread "Cache worker for file hash cache (C:\Users\germy\Documents\Revature\Project1_New\ProjectP1\.gradle\7.3.3\fileHashes)" [_thread_blocked, id=14516, stack(0x00000055a1300000,0x00000055a1400000)]
  0x0000017748335800 JavaThread "Cache worker for file hash cache (C:\Users\germy\.gradle\caches\7.3.3\fileHashes)" [_thread_blocked, id=13208, stack(0x00000055a1200000,0x00000055a1300000)]
  0x0000017748337000 JavaThread "File lock request listener" [_thread_in_native, id=14364, stack(0x00000055a1100000,0x00000055a1200000)]
  0x0000017748336000 JavaThread "Cache worker for journal cache (C:\Users\germy\.gradle\caches\journal-1)" [_thread_blocked, id=15928, stack(0x00000055a1000000,0x00000055a1100000)]
  0x0000017746407000 JavaThread "Daemon client event forwarder" [_thread_blocked, id=6616, stack(0x00000055a0f00000,0x00000055a1000000)]
  0x00000177463fe000 JavaThread "Stdin handler" [_thread_blocked, id=3692, stack(0x00000055a0e00000,0x00000055a0f00000)]
  0x00000177463fc000 JavaThread "Asynchronous log dispatcher for DefaultDaemonConnection: socket connection from /127.0.0.1:50444 to /127.0.0.1:50445" [_thread_blocked, id=14036, stack(0x00000055a0d00000,0x00000055a0e00000)]
  0x00000177463ec800 JavaThread "Daemon worker" [_thread_in_Java, id=7172, stack(0x00000055a0c00000,0x00000055a0d00000)]
  0x00000177463ec000 JavaThread "Cancel handler" [_thread_blocked, id=13608, stack(0x00000055a0b00000,0x00000055a0c00000)]
  0x00000177464c7000 JavaThread "Handler for socket connection from /127.0.0.1:50444 to /127.0.0.1:50445" [_thread_in_native, id=3768, stack(0x00000055a0a00000,0x00000055a0b00000)]
  0x000001774635c000 JavaThread "Daemon" [_thread_blocked, id=14168, stack(0x00000055a0900000,0x00000055a0a00000)]
  0x000001774638a000 JavaThread "Daemon periodic checks" [_thread_blocked, id=4264, stack(0x00000055a0800000,0x00000055a0900000)]
  0x0000017746350800 JavaThread "Incoming local TCP Connector on port 50444" [_thread_in_native, id=1444, stack(0x00000055a0700000,0x00000055a0800000)]
  0x0000017746219000 JavaThread "Daemon health stats" [_thread_blocked, id=9860, stack(0x00000055a0600000,0x00000055a0700000)]
  0x000001774400d000 JavaThread "Service Thread" daemon [_thread_blocked, id=568, stack(0x00000055a0400000,0x00000055a0500000)]
  0x0000017743f98800 JavaThread "C1 CompilerThread2" daemon [_thread_blocked, id=476, stack(0x00000055a0300000,0x00000055a0400000)]
  0x0000017743f91800 JavaThread "C2 CompilerThread1" daemon [_thread_blocked, id=9768, stack(0x00000055a0200000,0x00000055a0300000)]
=>0x0000017743f8f000 JavaThread "C2 CompilerThread0" daemon [_thread_in_native, id=15720, stack(0x00000055a0100000,0x00000055a0200000)]
  0x0000017743f8a800 JavaThread "Attach Listener" daemon [_thread_blocked, id=15484, stack(0x00000055a0000000,0x00000055a0100000)]
  0x0000017743f89800 JavaThread "Signal Dispatcher" daemon [_thread_blocked, id=16496, stack(0x000000559ff00000,0x00000055a0000000)]
  0x000001774383b800 JavaThread "Finalizer" daemon [_thread_blocked, id=14996, stack(0x000000559fe00000,0x000000559ff00000)]
  0x0000017743f66000 JavaThread "Reference Handler" daemon [_thread_blocked, id=3516, stack(0x000000559fd00000,0x000000559fe00000)]
  0x0000017731055000 JavaThread "main" [_thread_blocked, id=12916, stack(0x000000559f700000,0x000000559f800000)]

Other Threads:
  0x000001774382e000 VMThread [stack: 0x000000559fc00000,0x000000559fd00000] [id=15228]
  0x0000017744014800 WatcherThread [stack: 0x00000055a0500000,0x00000055a0600000] [id=13400]

VM state:not at safepoint (normal execution)

VM Mutex/Monitor currently owned by a thread: None

heap address: 0x00000000e0000000, size: 512 MB, Compressed Oops mode: 32-bit
Narrow klass base: 0x0000000000000000, Narrow klass shift: 3
Compressed class space size: 1073741824 Address: 0x0000000100000000

Heap:
 PSYoungGen      total 161792K, used 159792K [0x00000000f5580000, 0x0000000100000000, 0x0000000100000000)
  eden space 148992K, 98% used [0x00000000f5580000,0x00000000fe516368,0x00000000fe700000)
  from space 12800K, 99% used [0x00000000fe700000,0x00000000ff375fe0,0x00000000ff380000)
  to   space 12800K, 0% used [0x00000000ff380000,0x00000000ff380000,0x0000000100000000)
 ParOldGen       total 175104K, used 14271K [0x00000000e0000000, 0x00000000eab00000, 0x00000000f5580000)
  object space 175104K, 8% used [0x00000000e0000000,0x00000000e0defde0,0x00000000eab00000)
 Metaspace       used 53777K, capacity 57324K, committed 57472K, reserved 1097728K
  class space    used 7698K, capacity 8303K, committed 8320K, reserved 1048576K

Card table byte_map: [0x0000017741c80000,0x0000017741d90000] byte_map_base: 0x0000017741580000

Marking Bits: (ParMarkBitMap*) 0x0000000055dc8030
 Begin Bits: [0x0000017741e40000, 0x0000017742640000)
 End Bits:   [0x0000017742640000, 0x0000017742e40000)

Polling page: 0x0000017730fd0000

CodeCache: size=245760Kb used=20835Kb max_used=20850Kb free=224924Kb
 bounds [0x00000177328c0000, 0x0000017733d30000, 0x00000177418c0000]
 total_blobs=6728 nmethods=5951 adapters=690
 compilation: enabled

Compilation events (10 events):
Event: 32.459 Thread 0x0000017743f98800 6529   !   3       org.apache.tools.zip.ExtraFieldUtils::createExtraField (86 bytes)
Event: 32.459 Thread 0x0000017743f8f000 6532       4       org.apache.tools.zip.ZipEntry::mergeExtraFields (154 bytes)
Event: 32.460 Thread 0x0000017743f98800 nmethod 6529 0x0000017733d184d0 code [0x0000017733d18720, 0x0000017733d195a0]
Event: 32.460 Thread 0x0000017743f98800 6530       3       org.apache.tools.zip.UnrecognizedExtraField::setLocalFileDataData (9 bytes)
Event: 32.460 Thread 0x0000017743f98800 nmethod 6530 0x0000017733d17ed0 code [0x0000017733d18040, 0x0000017733d18390]
Event: 32.460 Thread 0x0000017743f98800 6531       3       org.apache.tools.zip.UnrecognizedExtraField::<init> (5 bytes)
Event: 32.460 Thread 0x0000017743f98800 nmethod 6531 0x0000017733d17b10 code [0x0000017733d17c60, 0x0000017733d17e18]
Event: 32.460 Thread 0x0000017743f91800 6533   !   4       org.apache.tools.zip.ExtraFieldUtils::parse (349 bytes)
Event: 32.460 Thread 0x0000017743f98800 6534       1       org.apache.tools.zip.ZipShort::getValue (5 bytes)
Event: 32.461 Thread 0x0000017743f98800 nmethod 6534 0x0000017733d1df50 code [0x0000017733d1e0a0, 0x0000017733d1e1b8]

GC Heap History (10 events):
Event: 10.823 GC heap before
{Heap before GC invocations=7 (full 1):
 PSYoungGen      total 76288K, used 70580K [0x00000000f5580000, 0x00000000fd280000, 0x0000000100000000)
  eden space 65536K, 100% used [0x00000000f5580000,0x00000000f9580000,0x00000000f9580000)
  from space 10752K, 46% used [0x00000000f9580000,0x00000000f9a6d148,0x00000000fa000000)
  to   space 12800K, 0% used [0x00000000fc600000,0x00000000fc600000,0x00000000fd280000)
 ParOldGen       total 175104K, used 9580K [0x00000000e0000000, 0x00000000eab00000, 0x00000000f5580000)
  object space 175104K, 5% used [0x00000000e0000000,0x00000000e095b128,0x00000000eab00000)
 Metaspace       used 32775K, capacity 34104K, committed 34432K, reserved 1079296K
  class space    used 4655K, capacity 4933K, committed 4992K, reserved 1048576K
Event: 10.862 GC heap after
Heap after GC invocations=7 (full 1):
 PSYoungGen      total 115200K, used 9579K [0x00000000f5580000, 0x00000000fd580000, 0x0000000100000000)
  eden space 102400K, 0% used [0x00000000f5580000,0x00000000f5580000,0x00000000fb980000)
  from space 12800K, 74% used [0x00000000fc600000,0x00000000fcf5afd0,0x00000000fd280000)
  to   space 12800K, 0% used [0x00000000fb980000,0x00000000fb980000,0x00000000fc600000)
 ParOldGen       total 175104K, used 9588K [0x00000000e0000000, 0x00000000eab00000, 0x00000000f5580000)
  object space 175104K, 5% used [0x00000000e0000000,0x00000000e095d128,0x00000000eab00000)
 Metaspace       used 32775K, capacity 34104K, committed 34432K, reserved 1079296K
  class space    used 4655K, capacity 4933K, committed 4992K, reserved 1048576K
}
Event: 11.515 GC heap before
{Heap before GC invocations=8 (full 1):
 PSYoungGen      total 115200K, used 30345K [0x00000000f5580000, 0x00000000fd580000, 0x0000000100000000)
  eden space 102400K, 20% used [0x00000000f5580000,0x00000000f69c7508,0x00000000fb980000)
  from space 12800K, 74% used [0x00000000fc600000,0x00000000fcf5afd0,0x00000000fd280000)
  to   space 12800K, 0% used [0x00000000fb980000,0x00000000fb980000,0x00000000fc600000)
 ParOldGen       total 175104K, used 9588K [0x00000000e0000000, 0x00000000eab00000, 0x00000000f5580000)
  object space 175104K, 5% used [0x00000000e0000000,0x00000000e095d128,0x00000000eab00000)
 Metaspace       used 33956K, capacity 35294K, committed 35456K, reserved 1079296K
  class space    used 4852K, capacity 5132K, committed 5248K, reserved 1048576K
Event: 11.534 GC heap after
Heap after GC invocations=8 (full 1):
 PSYoungGen      total 115200K, used 6939K [0x00000000f5580000, 0x0000000100000000, 0x0000000100000000)
  eden space 102400K, 0% used [0x00000000f5580000,0x00000000f5580000,0x00000000fb980000)
  from space 12800K, 54% used [0x00000000fb980000,0x00000000fc046fe0,0x00000000fc600000)
  to   space 12800K, 0% used [0x00000000ff380000,0x00000000ff380000,0x0000000100000000)
 ParOldGen       total 175104K, used 9596K [0x00000000e0000000, 0x00000000eab00000, 0x00000000f5580000)
  object space 175104K, 5% used [0x00000000e0000000,0x00000000e095f128,0x00000000eab00000)
 Metaspace       used 33956K, capacity 35294K, committed 35456K, reserved 1079296K
  class space    used 4852K, capacity 5132K, committed 5248K, reserved 1048576K
}
Event: 11.534 GC heap before
{Heap before GC invocations=9 (full 2):
 PSYoungGen      total 115200K, used 6939K [0x00000000f5580000, 0x0000000100000000, 0x0000000100000000)
  eden space 102400K, 0% used [0x00000000f5580000,0x00000000f5580000,0x00000000fb980000)
  from space 12800K, 54% used [0x00000000fb980000,0x00000000fc046fe0,0x00000000fc600000)
  to   space 12800K, 0% used [0x00000000ff380000,0x00000000ff380000,0x0000000100000000)
 ParOldGen       total 175104K, used 9596K [0x00000000e0000000, 0x00000000eab00000, 0x00000000f5580000)
  object space 175104K, 5% used [0x00000000e0000000,0x00000000e095f128,0x00000000eab00000)
 Metaspace       used 33956K, capacity 35294K, committed 35456K, reserved 1079296K
  class space    used 4852K, capacity 5132K, committed 5248K, reserved 1048576K
Event: 11.612 GC heap after
Heap after GC invocations=9 (full 2):
 PSYoungGen      total 115200K, used 0K [0x00000000f5580000, 0x0000000100000000, 0x0000000100000000)
  eden space 102400K, 0% used [0x00000000f5580000,0x00000000f5580000,0x00000000fb980000)
  from space 12800K, 0% used [0x00000000fb980000,0x00000000fb980000,0x00000000fc600000)
  to   space 12800K, 0% used [0x00000000ff380000,0x00000000ff380000,0x0000000100000000)
 ParOldGen       total 175104K, used 14263K [0x00000000e0000000, 0x00000000eab00000, 0x00000000f5580000)
  object space 175104K, 8% used [0x00000000e0000000,0x00000000e0dedde0,0x00000000eab00000)
 Metaspace       used 33956K, capacity 35294K, committed 35456K, reserved 1079296K
  class space    used 4852K, capacity 5132K, committed 5248K, reserved 1048576K
}
Event: 14.288 GC heap before
{Heap before GC invocations=10 (full 2):
 PSYoungGen      total 115200K, used 102400K [0x00000000f5580000, 0x0000000100000000, 0x0000000100000000)
  eden space 102400K, 100% used [0x00000000f5580000,0x00000000fb980000,0x00000000fb980000)
  from space 12800K, 0% used [0x00000000fb980000,0x00000000fb980000,0x00000000fc600000)
  to   space 12800K, 0% used [0x00000000ff380000,0x00000000ff380000,0x0000000100000000)
 ParOldGen       total 175104K, used 14263K [0x00000000e0000000, 0x00000000eab00000, 0x00000000f5580000)
  object space 175104K, 8% used [0x00000000e0000000,0x00000000e0dedde0,0x00000000eab00000)
 Metaspace       used 38893K, capacity 40678K, committed 40832K, reserved 1083392K
  class space    used 5534K, capacity 5899K, committed 6016K, reserved 1048576K
Event: 14.301 GC heap after
Heap after GC invocations=10 (full 2):
 PSYoungGen      total 161792K, used 6382K [0x00000000f5580000, 0x0000000100000000, 0x0000000100000000)
  eden space 148992K, 0% used [0x00000000f5580000,0x00000000f5580000,0x00000000fe700000)
  from space 12800K, 49% used [0x00000000ff380000,0x00000000ff9bba58,0x0000000100000000)
  to   space 12800K, 0% used [0x00000000fe700000,0x00000000fe700000,0x00000000ff380000)
 ParOldGen       total 175104K, used 14263K [0x00000000e0000000, 0x00000000eab00000, 0x00000000f5580000)
  object space 175104K, 8% used [0x00000000e0000000,0x00000000e0dedde0,0x00000000eab00000)
 Metaspace       used 38893K, capacity 40678K, committed 40832K, reserved 1083392K
  class space    used 5534K, capacity 5899K, committed 6016K, reserved 1048576K
}
Event: 20.933 GC heap before
{Heap before GC invocations=11 (full 2):
 PSYoungGen      total 161792K, used 155374K [0x00000000f5580000, 0x0000000100000000, 0x0000000100000000)
  eden space 148992K, 100% used [0x00000000f5580000,0x00000000fe700000,0x00000000fe700000)
  from space 12800K, 49% used [0x00000000ff380000,0x00000000ff9bba58,0x0000000100000000)
  to   space 12800K, 0% used [0x00000000fe700000,0x00000000fe700000,0x00000000ff380000)
 ParOldGen       total 175104K, used 14263K [0x00000000e0000000, 0x00000000eab00000, 0x00000000f5580000)
  object space 175104K, 8% used [0x00000000e0000000,0x00000000e0dedde0,0x00000000eab00000)
 Metaspace       used 44781K, capacity 47512K, committed 47872K, reserved 1089536K
  class space    used 6512K, capacity 7045K, committed 7168K, reserved 1048576K
Event: 20.994 GC heap after
Heap after GC invocations=11 (full 2):
 PSYoungGen      total 161792K, used 12759K [0x00000000f5580000, 0x0000000100000000, 0x0000000100000000)
  eden space 148992K, 0% used [0x00000000f5580000,0x00000000f5580000,0x00000000fe700000)
  from space 12800K, 99% used [0x00000000fe700000,0x00000000ff375fe0,0x00000000ff380000)
  to   space 12800K, 0% used [0x00000000ff380000,0x00000000ff380000,0x0000000100000000)
 ParOldGen       total 175104K, used 14271K [0x00000000e0000000, 0x00000000eab00000, 0x00000000f5580000)
  object space 175104K, 8% used [0x00000000e0000000,0x00000000e0defde0,0x00000000eab00000)
 Metaspace       used 44781K, capacity 47512K, committed 47872K, reserved 1089536K
  class space    used 6512K, capacity 7045K, committed 7168K, reserved 1048576K
}

Deoptimization events (10 events):
Event: 32.153 Thread 0x00000177463ec800 Uncommon trap: reason=class_check action=maybe_recompile pc=0x0000017733cee31c method=org.apache.tools.zip.ExtraFieldUtils.parse([BZLorg/apache/tools/zip/ExtraFieldUtils$UnparseableExtraField;)[Lorg/apache/tools/zip/ZipExtraField; @ 262
Event: 32.153 Thread 0x00000177463ec800 Uncommon trap: reason=unstable_if action=reinterpret pc=0x0000017733ccee08 method=java.util.zip.ZipEntry.getTime()J @ 4
Event: 32.234 Thread 0x00000177463ec800 Uncommon trap: reason=unstable_if action=reinterpret pc=0x0000017733d0e880 method=sun.util.calendar.AbstractCalendar.getCalendarDate(JLsun/util/calendar/CalendarDate;)Lsun/util/calendar/CalendarDate; @ 159
Event: 32.250 Thread 0x00000177463ec800 Uncommon trap: reason=class_check action=maybe_recompile pc=0x0000017733cee31c method=org.apache.tools.zip.ExtraFieldUtils.parse([BZLorg/apache/tools/zip/ExtraFieldUtils$UnparseableExtraField;)[Lorg/apache/tools/zip/ZipExtraField; @ 262
Event: 32.250 Thread 0x00000177463ec800 Uncommon trap: reason=class_check action=maybe_recompile pc=0x0000017733d22d88 method=org.apache.tools.zip.ZipEntry.mergeExtraFields([Lorg/apache/tools/zip/ZipExtraField;Z)V @ 57
Event: 32.264 Thread 0x00000177463ec800 Uncommon trap: reason=class_check action=maybe_recompile pc=0x0000017733cee31c method=org.apache.tools.zip.ExtraFieldUtils.parse([BZLorg/apache/tools/zip/ExtraFieldUtils$UnparseableExtraField;)[Lorg/apache/tools/zip/ZipExtraField; @ 262
Event: 32.264 Thread 0x00000177463ec800 Uncommon trap: reason=class_check action=maybe_recompile pc=0x0000017733d22d88 method=org.apache.tools.zip.ZipEntry.mergeExtraFields([Lorg/apache/tools/zip/ZipExtraField;Z)V @ 57
Event: 32.264 Thread 0x00000177463ec800 Uncommon trap: reason=class_check action=maybe_recompile pc=0x0000017733cee31c method=org.apache.tools.zip.ExtraFieldUtils.parse([BZLorg/apache/tools/zip/ExtraFieldUtils$UnparseableExtraField;)[Lorg/apache/tools/zip/ZipExtraField; @ 262
Event: 32.264 Thread 0x00000177463ec800 Uncommon trap: reason=class_check action=maybe_recompile pc=0x0000017733d22d88 method=org.apache.tools.zip.ZipEntry.mergeExtraFields([Lorg/apache/tools/zip/ZipExtraField;Z)V @ 57
Event: 32.264 Thread 0x00000177463ec800 Uncommon trap: reason=class_check action=maybe_recompile pc=0x0000017733d22d88 method=org.apache.tools.zip.ZipEntry.mergeExtraFields([Lorg/apache/tools/zip/ZipExtraField;Z)V @ 57

Classes redefined (0 events):
No events

Internal exceptions (10 events):
Event: 20.308 Thread 0x00000177463ec800 Exception <a 'java/lang/NoSuchMethodError': java.lang.Object.lambda$static$0(Lorg/gradle/api/specs/Spec;Lorg/gradle/api/internal/artifacts/transform/VariantSelector;)Lorg/gradle/api/internal/artifacts/ivyservice/resolveengine/artifact/ResolvedArtifactSet;
Event: 20.764 Thread 0x00000177463ec800 Exception <a 'java/lang/ClassNotFoundException': java/io/FileBeanInfo> (0x00000000fd3f0598) thrown at [C:\jenkins\workspace\8-2-build-windows-amd64-cygwin\jdk8u311\1894\hotspot\src\share\vm\classfile\systemDictionary.cpp, line 212]
Event: 20.765 Thread 0x00000177463ec800 Exception <a 'java/lang/ClassNotFoundException': java/io/FileCustomizer> (0x00000000fd3fbcb0) thrown at [C:\jenkins\workspace\8-2-build-windows-amd64-cygwin\jdk8u311\1894\hotspot\src\share\vm\classfile\systemDictionary.cpp, line 212]
Event: 20.772 Thread 0x00000177463ec800 Implicit null exception at 0x0000017732ad3137 to 0x0000017732ad39b1
Event: 21.240 Thread 0x00000177463ec800 Exception <a 'java/lang/IncompatibleClassChangeError': Found class java.lang.Object, but interface was expected> (0x00000000f5b51368) thrown at [C:\jenkins\workspace\8-2-build-windows-amd64-cygwin\jdk8u311\1894\hotspot\src\share\vm\interpreter\linkResolve
Event: 22.406 Thread 0x00000177463ec800 Exception <a 'java/lang/IncompatibleClassChangeError': Found class java.lang.Object, but interface was expected> (0x00000000f5fa6ca0) thrown at [C:\jenkins\workspace\8-2-build-windows-amd64-cygwin\jdk8u311\1894\hotspot\src\share\vm\interpreter\linkResolve
Event: 22.666 Thread 0x00000177463ec800 Exception <a 'java/lang/NoSuchMethodError': java.lang.Object.lambda$wrap$0(Lorg/gradle/internal/io/IoSupplier;)Ljava/lang/Object;> (0x00000000f63f3808) thrown at [C:\jenkins\workspace\8-2-build-windows-amd64-cygwin\jdk8u311\1894\hotspot\src\share\vm\inter
Event: 22.798 Thread 0x00000177463ec800 Exception <a 'java/lang/NoSuchMethodError': java.lang.Object.lambda$comparingByKey$bbdbfea9$1(Ljava/util/Map$Entry;Ljava/util/Map$Entry;)I> (0x00000000f67e0fb8) thrown at [C:\jenkins\workspace\8-2-build-windows-amd64-cygwin\jdk8u311\1894\hotspot\src\share
Event: 26.078 Thread 0x00000177463ec800 Exception <a 'java/io/FileNotFoundException'> (0x00000000f97f6670) thrown at [C:\jenkins\workspace\8-2-build-windows-amd64-cygwin\jdk8u311\1894\hotspot\src\share\vm\prims\jni.cpp, line 710]
Event: 26.097 Thread 0x00000177463ec800 Exception <a 'java/io/FileNotFoundException'> (0x00000000f984f940) thrown at [C:\jenkins\workspace\8-2-build-windows-amd64-cygwin\jdk8u311\1894\hotspot\src\share\vm\prims\jni.cpp, line 710]

Events (10 events):
Event: 32.264 Thread 0x00000177463ec800 DEOPT UNPACKING pc=0x00000177329058c3 sp=0x00000055a0cf6d48 mode 2
Event: 32.264 Thread 0x00000177463ec800 Uncommon trap: trap_request=0xffffffde fr.pc=0x0000017733cee31c
Event: 32.264 Thread 0x00000177463ec800 DEOPT PACKING pc=0x0000017733cee31c sp=0x00000055a0cf6d90
Event: 32.264 Thread 0x00000177463ec800 DEOPT UNPACKING pc=0x00000177329058c3 sp=0x00000055a0cf6d40 mode 2
Event: 32.264 Thread 0x00000177463ec800 Uncommon trap: trap_request=0xffffffde fr.pc=0x0000017733d22d88
Event: 32.264 Thread 0x00000177463ec800 DEOPT PACKING pc=0x0000017733d22d88 sp=0x00000055a0cf6d90
Event: 32.264 Thread 0x00000177463ec800 DEOPT UNPACKING pc=0x00000177329058c3 sp=0x00000055a0cf6d48 mode 2
Event: 32.264 Thread 0x00000177463ec800 Uncommon trap: trap_request=0xffffffde fr.pc=0x0000017733d22d88
Event: 32.264 Thread 0x00000177463ec800 DEOPT PACKING pc=0x0000017733d22d88 sp=0x00000055a0cf6d90
Event: 32.264 Thread 0x00000177463ec800 DEOPT UNPACKING pc=0x00000177329058c3 sp=0x00000055a0cf6d48 mode 2


Dynamic libraries:
0x00007ff75c650000 - 0x00007ff75c697000 	C:\Program Files\Java\jdk1.8.0_311\bin\java.exe
0x00007ffd05800000 - 0x00007ffd05a09000 	C:\WINDOWS\SYSTEM32\ntdll.dll
0x00007ffd036a0000 - 0x00007ffd0375d000 	C:\WINDOWS\System32\KERNEL32.DLL
0x00007ffd02e80000 - 0x00007ffd031f4000 	C:\WINDOWS\System32\KERNELBASE.dll
0x00007ffd04e20000 - 0x00007ffd04ece000 	C:\WINDOWS\System32\ADVAPI32.dll
0x00007ffd04d70000 - 0x00007ffd04e13000 	C:\WINDOWS\System32\msvcrt.dll
0x00007ffd05690000 - 0x00007ffd0572e000 	C:\WINDOWS\System32\sechost.dll
0x00007ffd03790000 - 0x00007ffd038b0000 	C:\WINDOWS\System32\RPCRT4.dll
0x00007ffd05250000 - 0x00007ffd053fc000 	C:\WINDOWS\System32\USER32.dll
0x00007ffd032a0000 - 0x00007ffd032c6000 	C:\WINDOWS\System32\win32u.dll
0x00007ffd03760000 - 0x00007ffd03789000 	C:\WINDOWS\System32\GDI32.dll
0x00007ffd032d0000 - 0x00007ffd033e2000 	C:\WINDOWS\System32\gdi32full.dll
0x00007ffd03200000 - 0x00007ffd0329d000 	C:\WINDOWS\System32\msvcp_win.dll
0x00007ffd02d60000 - 0x00007ffd02e71000 	C:\WINDOWS\System32\ucrtbase.dll
0x00007ffcee580000 - 0x00007ffcee825000 	C:\WINDOWS\WinSxS\amd64_microsoft.windows.common-controls_6595b64144ccf1df_6.0.22000.120_none_9d947278b86cc467\COMCTL32.dll
0x00007ffd043b0000 - 0x00007ffd043e1000 	C:\WINDOWS\System32\IMM32.DLL
0x00007ffcf1790000 - 0x00007ffcf17a5000 	C:\Program Files\Java\jdk1.8.0_311\jre\bin\vcruntime140.dll
0x00007ffcc67a0000 - 0x00007ffcc683b000 	C:\Program Files\Java\jdk1.8.0_311\jre\bin\msvcp140.dll
0x00000000555e0000 - 0x0000000055e40000 	C:\Program Files\Java\jdk1.8.0_311\jre\bin\server\jvm.dll
0x00007ffd04630000 - 0x00007ffd04638000 	C:\WINDOWS\System32\PSAPI.DLL
0x00007ffcfca70000 - 0x00007ffcfcaa3000 	C:\WINDOWS\SYSTEM32\WINMM.dll
0x00007ffcf89a0000 - 0x00007ffcf89aa000 	C:\WINDOWS\SYSTEM32\VERSION.dll
0x00007ffceb130000 - 0x00007ffceb139000 	C:\WINDOWS\SYSTEM32\WSOCK32.dll
0x00007ffd05510000 - 0x00007ffd0557f000 	C:\WINDOWS\System32\WS2_32.dll
0x00007ffd01db0000 - 0x00007ffd01dc8000 	C:\WINDOWS\SYSTEM32\kernel.appcore.dll
0x00007ffcfd470000 - 0x00007ffcfd480000 	C:\Program Files\Java\jdk1.8.0_311\jre\bin\verify.dll
0x00007ffce1c40000 - 0x00007ffce1c6b000 	C:\Program Files\Java\jdk1.8.0_311\jre\bin\java.dll
0x00007ffce0850000 - 0x00007ffce0868000 	C:\Program Files\Java\jdk1.8.0_311\jre\bin\zip.dll
0x00007ffd03c00000 - 0x00007ffd043ae000 	C:\WINDOWS\System32\SHELL32.dll
0x00007ffd00e20000 - 0x00007ffd01687000 	C:\WINDOWS\SYSTEM32\windows.storage.dll
0x00007ffd04ed0000 - 0x00007ffd05248000 	C:\WINDOWS\System32\combase.dll
0x00007ffd00cb0000 - 0x00007ffd00e16000 	C:\WINDOWS\SYSTEM32\wintypes.dll
0x00007ffd04650000 - 0x00007ffd0473a000 	C:\WINDOWS\System32\SHCORE.dll
0x00007ffd039d0000 - 0x00007ffd03a2d000 	C:\WINDOWS\System32\shlwapi.dll
0x00007ffd02c20000 - 0x00007ffd02c41000 	C:\WINDOWS\SYSTEM32\profapi.dll
0x00007ffcd9730000 - 0x00007ffcd974c000 	C:\Program Files\Java\jdk1.8.0_311\jre\bin\net.dll
0x00007ffd021f0000 - 0x00007ffd02257000 	C:\WINDOWS\system32\mswsock.dll
0x00007ffcd9340000 - 0x00007ffcd9353000 	C:\Program Files\Java\jdk1.8.0_311\jre\bin\nio.dll
0x00007ffcd1f30000 - 0x00007ffcd1f57000 	C:\Users\germy\.gradle\native\e1d6ef7f7dcc3fd88c89a11ec53ec762bb8ba0a96d01ffa2cd45eb1d1d8dd5c5\windows-amd64\native-platform.dll
0x00007ffcc69e0000 - 0x00007ffcc6b24000 	C:\Users\germy\.gradle\native\5664cfc778a61ccfe75a443a1ab52a65af34e5dc3c78e0209fed803814484fcb\windows-amd64\native-platform-file-events.dll
0x00007ffcfcb90000 - 0x00007ffcfcb9d000 	C:\Program Files\Java\jdk1.8.0_311\jre\bin\management.dll
0x00007ffd02460000 - 0x00007ffd02478000 	C:\WINDOWS\SYSTEM32\CRYPTSP.dll
0x00007ffd01d10000 - 0x00007ffd01d45000 	C:\WINDOWS\system32\rsaenh.dll
0x00007ffd02310000 - 0x00007ffd02339000 	C:\WINDOWS\SYSTEM32\USERENV.dll
0x00007ffd025e0000 - 0x00007ffd02607000 	C:\WINDOWS\SYSTEM32\bcrypt.dll
0x00007ffd03620000 - 0x00007ffd0369f000 	C:\WINDOWS\System32\bcryptprimitives.dll
0x00007ffd02480000 - 0x00007ffd0248c000 	C:\WINDOWS\SYSTEM32\CRYPTBASE.dll
0x00007ffd018e0000 - 0x00007ffd0190d000 	C:\WINDOWS\SYSTEM32\IPHLPAPI.DLL
0x00007ffd04640000 - 0x00007ffd04649000 	C:\WINDOWS\System32\NSI.dll
0x00007ffcfba20000 - 0x00007ffcfba39000 	C:\WINDOWS\SYSTEM32\dhcpcsvc6.DLL
0x00007ffcfcb60000 - 0x00007ffcfcb7e000 	C:\WINDOWS\SYSTEM32\dhcpcsvc.DLL
0x00007ffd01950000 - 0x00007ffd01a37000 	C:\WINDOWS\SYSTEM32\DNSAPI.dll

VM Arguments:
jvm_args: -XX:MaxMetaspaceSize=256m -XX:+HeapDumpOnOutOfMemoryError -Xms256m -Xmx512m -Dfile.encoding=windows-1252 -Duser.country=US -Duser.language=en -Duser.variant 
java_command: org.gradle.launcher.daemon.bootstrap.GradleDaemon 7.3.3
java_class_path (initial): C:\Users\germy\.gradle\wrapper\dists\gradle-7.3.3-bin\6a41zxkdtcxs8rphpq6y0069z\gradle-7.3.3\lib\gradle-launcher-7.3.3.jar
Launcher Type: SUN_STANDARD

Environment Variables:
JAVA_HOME=C:\Program Files\Java\jdk1.8.0_311
PATH=C:\Users\germy\bin;C:\Program Files\Git\mingw64\bin;C:\Program Files\Git\usr\local\bin;C:\Program Files\Git\usr\bin;C:\Program Files\Git\usr\bin;C:\Program Files\Git\mingw64\bin;C:\Program Files\Git\usr\bin;C:\Users\germy\bin;C:\WINDOWS\system32;C:\WINDOWS;C:\WINDOWS\System32\Wbem;C:\WINDOWS\System32\WindowsPowerShell\v1.0;C:\WINDOWS\System32\OpenSSH;C:\WINDOWS\System32\WBem;C:\Program Files\Java\jdk1.8.0_311\bin;C:\Program Files\Java\jdk1.8.0_311;C:\Gradle\gradle-7.3.3\bin;C:\Program Files\Microsoft SQL Server\150\Tools\Binn;C:\Program Files\Microsoft SQL Server\Client SDK\ODBC\170\Tools\Binn;C:\Program Files\dotnet;C:\Program Files\Git\cmd;C:\Program Files\Git\mingw64\bin;C:\Program Files\Git\usr\bin;C:\Program Files\Docker\Docker\resources\bin;C:\ProgramData\DockerDesktop\version-bin;C:\Program Files (x86)\dotnet;C:\Users\germy\AppData\Local\Microsoft\WindowsApps;C:\Program Files\JetBrains\IntelliJ IDEA Community Edition 2021.3.1\bin;C:\Users\germy\.dotnet\tools;C:\Program Files\Git\usr\bin\vendor_perl;C:\Program Files\Git\usr\bin\core_perl
USERNAME=germy
SHELL=C:\Program Files\Git\usr\bin\bash.exe
DISPLAY=needs-to-be-defined
OS=Windows_NT
PROCESSOR_IDENTIFIER=AMD64 Family 23 Model 24 Stepping 1, AuthenticAMD



---------------  S Y S T E M  ---------------

OS: Windows 10.0 , 64 bit Build 22000 (10.0.22000.434)

CPU:total 4 (initial active 4) (4 cores per cpu, 1 threads per core) family 23 model 24 stepping 1, cmov, cx8, fxsr, mmx, sse, sse2, sse3, ssse3, sse4.1, sse4.2, popcnt, avx, avx2, aes, clmul, mmxext, 3dnowpref, lzcnt, sse4a, tsc, tscinvbit, tscinv, bmi1

Memory: 4k page, physical 3619136k(173788k free), swap 14629184k(108k free)

vm_info: Java HotSpot(TM) 64-Bit Server VM (25.311-b11) for windows-amd64 JRE (1.8.0_311-b11), built on Sep 27 2021 05:15:14 by "java_re" with MS VC++ 15.9 (VS2017)

time: Mon Feb 14 17:41:17 2022
timezone: Eastern Standard Time
elapsed time: 32.515978 seconds (0d 0h 0m 32s)

